<?xml version="1.0" encoding="UTF-8"?>
<testsuite xmlns:xsi="http://www.w3.org/2001/XMLSchema-instance" xsi:noNamespaceSchemaLocation="https://maven.apache.org/surefire/maven-surefire-plugin/xsd/surefire-test-report-3.0.xsd" version="3.0" name="com.simplegens.util.TimeParserTest" time="0.042" tests="5" errors="0" skipped="0" failures="0">
  <properties>
[...]
</properties>
  <testcase name="parseInvalidFormatReturnsNegativeOne" classname="com.simplegens.util.TimeParserTest" time="0.004"/>
  <testcase name="parseMinutesReturnsTicks" classname="com.simplegens.util.TimeParserTest" time="0.004"/>
  <testcase name="parseSecondsReturnsTicks" classname="com.simplegens.util.TimeParserTest" time="0.006"/>
  <testcase name="parseTicksReturnsSameValue" classname="com.simplegens.util.TimeParserTest" time="0.003"/>
  <testcase name="parseHoursReturnsTicks" classname="com.simplegens.util.TimeParserTest" time="0.003"/>
</testsuite>